{"/Users/robertsasu/RustProjects/agentic-payments/multiversx-mcp-server/src/http.ts": {"path":"/Users/robertsasu/RustProjects/agentic-payments/multiversx-mcp-server/src/http.ts","statementMap":{"0":{"start":{"line":4,"column":0},"end":{"line":4,"column":16}},"1":{"start":{"line":1,"column":0},"end":{"line":1,"column":30}},"2":{"start":{"line":2,"column":0},"end":{"line":2,"column":48}},"3":{"start":{"line":5,"column":20},"end":{"line":5,"column":46}},"4":{"start":{"line":7,"column":4},"end":{"line":31,"column":7}},"5":{"start":{"line":11,"column":25},"end":{"line":11,"column":68}},"6":{"start":{"line":15,"column":26},"end":{"line":28,"column":11}},"7":{"start":{"line":15,"column":47},"end":{"line":28,"column":10}},"8":{"start":{"line":30,"column":8},"end":{"line":30,"column":36}},"9":{"start":{"line":33,"column":4},"end":{"line":35,"column":7}},"10":{"start":{"line":34,"column":8},"end":{"line":34,"column":71}},"11":{"start":{"line":37,"column":4},"end":{"line":37,"column":19}}},"fnMap":{"0":{"name":"createHttpServer","decl":{"start":{"line":4,"column":16},"end":{"line":4,"column":32}},"loc":{"start":{"line":4,"column":32},"end":{"line":38,"column":1}}},"1":{"name":"(anonymous_2)","decl":{"start":{"line":7,"column":30},"end":{"line":7,"column":35}},"loc":{"start":{"line":7,"column":55},"end":{"line":31,"column":5}}},"2":{"name":"(anonymous_3)","decl":{"start":{"line":15,"column":39},"end":{"line":15,"column":40}},"loc":{"start":{"line":15,"column":47},"end":{"line":28,"column":10}}},"3":{"name":"(anonymous_4)","decl":{"start":{"line":33,"column":27},"end":{"line":33,"column":32}},"loc":{"start":{"line":33,"column":38},"end":{"line":35,"column":5}}}},"branchMap":{},"s":{"0":1,"1":1,"2":1,"3":1,"4":1,"5":1,"6":1,"7":1,"8":1,"9":1,"10":1,"11":1},"f":{"0":1,"1":1,"2":1,"3":1},"b":{}}
,"/Users/robertsasu/RustProjects/agentic-payments/multiversx-mcp-server/src/server.ts": {"path":"/Users/robertsasu/RustProjects/agentic-payments/multiversx-mcp-server/src/server.ts","statementMap":{"0":{"start":{"line":13,"column":0},"end":{"line":13,"column":16}},"1":{"start":{"line":1,"column":0},"end":{"line":1,"column":67}},"2":{"start":{"line":2,"column":0},"end":{"line":2,"column":null}},"3":{"start":{"line":6,"column":0},"end":{"line":6,"column":48}},"4":{"start":{"line":7,"column":0},"end":{"line":7,"column":61}},"5":{"start":{"line":8,"column":0},"end":{"line":8,"column":46}},"6":{"start":{"line":10,"column":13},"end":{"line":10,"column":55}},"7":{"start":{"line":11,"column":13},"end":{"line":11,"column":42}},"8":{"start":{"line":14,"column":19},"end":{"line":23,"column":null}},"9":{"start":{"line":26,"column":4},"end":{"line":69,"column":7}},"10":{"start":{"line":27,"column":8},"end":{"line":68,"column":10}},"11":{"start":{"line":71,"column":4},"end":{"line":104,"column":7}},"12":{"start":{"line":72,"column":42},"end":{"line":72,"column":56}},"13":{"start":{"line":74,"column":8},"end":{"line":80,"column":9}},"14":{"start":{"line":75,"column":49},"end":{"line":75,"column":60}},"15":{"start":{"line":76,"column":29},"end":{"line":76,"column":75}},"16":{"start":{"line":77,"column":12},"end":{"line":79,"column":14}},"17":{"start":{"line":82,"column":8},"end":{"line":93,"column":9}},"18":{"start":{"line":83,"column":71},"end":{"line":83,"column":82}},"19":{"start":{"line":84,"column":23},"end":{"line":88,"column":null}},"20":{"start":{"line":90,"column":12},"end":{"line":92,"column":14}},"21":{"start":{"line":95,"column":8},"end":{"line":101,"column":9}},"22":{"start":{"line":96,"column":41},"end":{"line":96,"column":52}},"23":{"start":{"line":97,"column":27},"end":{"line":97,"column":61}},"24":{"start":{"line":98,"column":12},"end":{"line":100,"column":14}},"25":{"start":{"line":103,"column":8},"end":{"line":103,"column":49}},"26":{"start":{"line":106,"column":4},"end":{"line":106,"column":18}}},"fnMap":{"0":{"name":"createMcpServer","decl":{"start":{"line":13,"column":16},"end":{"line":13,"column":31}},"loc":{"start":{"line":13,"column":31},"end":{"line":107,"column":1}}},"1":{"name":"(anonymous_1)","decl":{"start":{"line":26,"column":53},"end":{"line":26,"column":58}},"loc":{"start":{"line":26,"column":64},"end":{"line":69,"column":5}}},"2":{"name":"(anonymous_2)","decl":{"start":{"line":71,"column":52},"end":{"line":71,"column":57}},"loc":{"start":{"line":71,"column":70},"end":{"line":104,"column":5}}}},"branchMap":{"0":{"loc":{"start":{"line":74,"column":8},"end":{"line":80,"column":9}},"type":"if","locations":[{"start":{"line":74,"column":8},"end":{"line":80,"column":9}},{"start":{},"end":{}}]},"1":{"loc":{"start":{"line":82,"column":8},"end":{"line":93,"column":9}},"type":"if","locations":[{"start":{"line":82,"column":8},"end":{"line":93,"column":9}},{"start":{},"end":{}}]},"2":{"loc":{"start":{"line":95,"column":8},"end":{"line":101,"column":9}},"type":"if","locations":[{"start":{"line":95,"column":8},"end":{"line":101,"column":9}},{"start":{},"end":{}}]}},"s":{"0":2,"1":2,"2":2,"3":2,"4":2,"5":2,"6":2,"7":2,"8":6,"9":6,"10":1,"11":6,"12":6,"13":6,"14":2,"15":2,"16":2,"17":4,"18":1,"19":1,"20":1,"21":3,"22":2,"23":2,"24":2,"25":1,"26":6},"f":{"0":6,"1":1,"2":6},"b":{"0":[2,4],"1":[1,3],"2":[2,1]}}
,"/Users/robertsasu/RustProjects/agentic-payments/multiversx-mcp-server/src/logic/checkout.ts": {"path":"/Users/robertsasu/RustProjects/agentic-payments/multiversx-mcp-server/src/logic/checkout.ts","statementMap":{"0":{"start":{"line":11,"column":0},"end":{"line":11,"column":7}},"1":{"start":{"line":1,"column":0},"end":{"line":1,"column":41}},"2":{"start":{"line":19,"column":25},"end":{"line":19,"column":113}},"3":{"start":{"line":20,"column":29},"end":{"line":20,"column":41}},"4":{"start":{"line":23,"column":21},"end":{"line":23,"column":65}},"5":{"start":{"line":24,"column":21},"end":{"line":24,"column":56}},"6":{"start":{"line":25,"column":22},"end":{"line":25,"column":75}},"7":{"start":{"line":26,"column":24},"end":{"line":26,"column":45}},"8":{"start":{"line":27,"column":25},"end":{"line":27,"column":87}},"9":{"start":{"line":32,"column":25},"end":{"line":36,"column":6}},"10":{"start":{"line":38,"column":17},"end":{"line":38,"column":74}},"11":{"start":{"line":38,"column":57},"end":{"line":38,"column":73}},"12":{"start":{"line":41,"column":17},"end":{"line":41,"column":52}},"13":{"start":{"line":43,"column":4},"end":{"line":54,"column":6}}},"fnMap":{"0":{"name":"createPurchaseTransaction","decl":{"start":{"line":11,"column":22},"end":{"line":11,"column":47}},"loc":{"start":{"line":15,"column":35},"end":{"line":55,"column":1}}},"1":{"name":"(anonymous_1)","decl":{"start":{"line":38,"column":36},"end":{"line":38,"column":37}},"loc":{"start":{"line":38,"column":57},"end":{"line":38,"column":73}}}},"branchMap":{"0":{"loc":{"start":{"line":14,"column":4},"end":{"line":14,"column":24}},"type":"default-arg","locations":[{"start":{"line":14,"column":23},"end":{"line":14,"column":24}}]},"1":{"loc":{"start":{"line":15,"column":4},"end":{"line":15,"column":35}},"type":"default-arg","locations":[{"start":{"line":15,"column":26},"end":{"line":15,"column":35}}]},"2":{"loc":{"start":{"line":19,"column":25},"end":{"line":19,"column":113}},"type":"binary-expr","locations":[{"start":{"line":19,"column":25},"end":{"line":19,"column":75}},{"start":{"line":19,"column":79},"end":{"line":19,"column":113}}]},"3":{"loc":{"start":{"line":25,"column":22},"end":{"line":25,"column":75}},"type":"cond-expr","locations":[{"start":{"line":25,"column":50},"end":{"line":25,"column":64}},{"start":{"line":25,"column":67},"end":{"line":25,"column":75}}]},"4":{"loc":{"start":{"line":27,"column":25},"end":{"line":27,"column":87}},"type":"cond-expr","locations":[{"start":{"line":27,"column":56},"end":{"line":27,"column":73}},{"start":{"line":27,"column":76},"end":{"line":27,"column":87}}]}},"s":{"0":3,"1":3,"2":6,"3":6,"4":6,"5":6,"6":6,"7":6,"8":6,"9":6,"10":6,"11":18,"12":6,"13":6},"f":{"0":6,"1":18},"b":{"0":[0],"1":[2],"2":[6,0],"3":[1,5],"4":[5,1]}}
,"/Users/robertsasu/RustProjects/agentic-payments/multiversx-mcp-server/src/logic/search.ts": {"path":"/Users/robertsasu/RustProjects/agentic-payments/multiversx-mcp-server/src/logic/search.ts","statementMap":{"0":{"start":{"line":18,"column":0},"end":{"line":18,"column":7}},"1":{"start":{"line":1,"column":0},"end":{"line":1,"column":26}},"2":{"start":{"line":2,"column":0},"end":{"line":2,"column":41}},"3":{"start":{"line":23,"column":24},"end":{"line":28,"column":6}},"4":{"start":{"line":30,"column":4},"end":{"line":32,"column":5}},"5":{"start":{"line":31,"column":8},"end":{"line":31,"column":39}},"6":{"start":{"line":34,"column":4},"end":{"line":88,"column":5}},"7":{"start":{"line":37,"column":20},"end":{"line":37,"column":44}},"8":{"start":{"line":38,"column":25},"end":{"line":38,"column":57}},"9":{"start":{"line":39,"column":22},"end":{"line":39,"column":35}},"10":{"start":{"line":41,"column":36},"end":{"line":41,"column":38}},"11":{"start":{"line":43,"column":8},"end":{"line":82,"column":9}},"12":{"start":{"line":50,"column":12},"end":{"line":50,"column":43}},"13":{"start":{"line":50,"column":34},"end":{"line":50,"column":43}},"14":{"start":{"line":52,"column":30},"end":{"line":52,"column":46}},"15":{"start":{"line":53,"column":12},"end":{"line":55,"column":13}},"16":{"start":{"line":54,"column":16},"end":{"line":54,"column":51}},"17":{"start":{"line":57,"column":24},"end":{"line":57,"column":50}},"18":{"start":{"line":58,"column":12},"end":{"line":60,"column":13}},"19":{"start":{"line":59,"column":16},"end":{"line":59,"column":53}},"20":{"start":{"line":62,"column":27},"end":{"line":62,"column":29}},"21":{"start":{"line":63,"column":12},"end":{"line":67,"column":13}},"22":{"start":{"line":64,"column":16},"end":{"line":64,"column":36}},"23":{"start":{"line":65,"column":19},"end":{"line":67,"column":13}},"24":{"start":{"line":66,"column":16},"end":{"line":66,"column":45}},"25":{"start":{"line":69,"column":12},"end":{"line":81,"column":15}},"26":{"start":{"line":84,"column":8},"end":{"line":84,"column":24}},"27":{"start":{"line":86,"column":8},"end":{"line":86,"column":50}},"28":{"start":{"line":87,"column":8},"end":{"line":87,"column":18}}},"fnMap":{"0":{"name":"searchProducts","decl":{"start":{"line":18,"column":22},"end":{"line":18,"column":36}},"loc":{"start":{"line":21,"column":21},"end":{"line":89,"column":1}}}},"branchMap":{"0":{"loc":{"start":{"line":21,"column":4},"end":{"line":21,"column":21}},"type":"default-arg","locations":[{"start":{"line":21,"column":20},"end":{"line":21,"column":21}}]},"1":{"loc":{"start":{"line":30,"column":4},"end":{"line":32,"column":5}},"type":"if","locations":[{"start":{"line":30,"column":4},"end":{"line":32,"column":5}},{"start":{},"end":{}}]},"2":{"loc":{"start":{"line":50,"column":12},"end":{"line":50,"column":43}},"type":"if","locations":[{"start":{"line":50,"column":12},"end":{"line":50,"column":43}},{"start":{},"end":{}}]},"3":{"loc":{"start":{"line":53,"column":12},"end":{"line":55,"column":13}},"type":"if","locations":[{"start":{"line":53,"column":12},"end":{"line":55,"column":13}},{"start":{},"end":{}}]},"4":{"loc":{"start":{"line":58,"column":12},"end":{"line":60,"column":13}},"type":"if","locations":[{"start":{"line":58,"column":12},"end":{"line":60,"column":13}},{"start":{},"end":{}}]},"5":{"loc":{"start":{"line":63,"column":12},"end":{"line":67,"column":13}},"type":"if","locations":[{"start":{"line":63,"column":12},"end":{"line":67,"column":13}},{"start":{"line":65,"column":19},"end":{"line":67,"column":13}}]},"6":{"loc":{"start":{"line":65,"column":19},"end":{"line":67,"column":13}},"type":"if","locations":[{"start":{"line":65,"column":19},"end":{"line":67,"column":13}},{"start":{},"end":{}}]}},"s":{"0":4,"1":4,"2":4,"3":6,"4":6,"5":1,"6":6,"7":6,"8":6,"9":5,"10":5,"11":5,"12":5,"13":1,"14":4,"15":4,"16":1,"17":4,"18":4,"19":2,"20":4,"21":4,"22":2,"23":2,"24":1,"25":4,"26":5,"27":1,"28":1},"f":{"0":6},"b":{"0":[6],"1":[1,5],"2":[1,4],"3":[1,3],"4":[2,2],"5":[2,2],"6":[1,1]}}
,"/Users/robertsasu/RustProjects/agentic-payments/multiversx-mcp-server/src/logic/tracking.ts": {"path":"/Users/robertsasu/RustProjects/agentic-payments/multiversx-mcp-server/src/logic/tracking.ts","statementMap":{"0":{"start":{"line":10,"column":0},"end":{"line":10,"column":7}},"1":{"start":{"line":1,"column":0},"end":{"line":1,"column":26}},"2":{"start":{"line":2,"column":0},"end":{"line":2,"column":41}},"3":{"start":{"line":11,"column":4},"end":{"line":13,"column":5}},"4":{"start":{"line":12,"column":8},"end":{"line":12,"column":66}},"5":{"start":{"line":15,"column":4},"end":{"line":63,"column":5}},"6":{"start":{"line":16,"column":20},"end":{"line":16,"column":62}},"7":{"start":{"line":17,"column":25},"end":{"line":17,"column":45}},"8":{"start":{"line":18,"column":19},"end":{"line":18,"column":32}},"9":{"start":{"line":22,"column":8},"end":{"line":48,"column":9}},"10":{"start":{"line":25,"column":16},"end":{"line":29,"column":18}},"11":{"start":{"line":31,"column":16},"end":{"line":34,"column":18}},"12":{"start":{"line":37,"column":16},"end":{"line":40,"column":18}},"13":{"start":{"line":43,"column":16},"end":{"line":47,"column":18}},"14":{"start":{"line":50,"column":8},"end":{"line":57,"column":9}},"15":{"start":{"line":52,"column":12},"end":{"line":56,"column":14}},"16":{"start":{"line":59,"column":8},"end":{"line":62,"column":10}}},"fnMap":{"0":{"name":"trackOrder","decl":{"start":{"line":10,"column":22},"end":{"line":10,"column":32}},"loc":{"start":{"line":10,"column":47},"end":{"line":64,"column":1}}}},"branchMap":{"0":{"loc":{"start":{"line":11,"column":4},"end":{"line":13,"column":5}},"type":"if","locations":[{"start":{"line":11,"column":4},"end":{"line":13,"column":5}},{"start":{},"end":{}}]},"1":{"loc":{"start":{"line":22,"column":8},"end":{"line":48,"column":9}},"type":"switch","locations":[{"start":{"line":23,"column":12},"end":{"line":23,"column":27}},{"start":{"line":24,"column":12},"end":{"line":29,"column":18}},{"start":{"line":30,"column":12},"end":{"line":34,"column":18}},{"start":{"line":35,"column":12},"end":{"line":35,"column":24}},{"start":{"line":36,"column":12},"end":{"line":40,"column":18}},{"start":{"line":41,"column":12},"end":{"line":47,"column":18}}]},"2":{"loc":{"start":{"line":39,"column":59},"end":{"line":39,"column":105}},"type":"binary-expr","locations":[{"start":{"line":39,"column":59},"end":{"line":39,"column":86}},{"start":{"line":39,"column":90},"end":{"line":39,"column":105}}]},"3":{"loc":{"start":{"line":50,"column":8},"end":{"line":57,"column":9}},"type":"if","locations":[{"start":{"line":50,"column":8},"end":{"line":57,"column":9}},{"start":{},"end":{}}]},"4":{"loc":{"start":{"line":50,"column":12},"end":{"line":50,"column":71}},"type":"binary-expr","locations":[{"start":{"line":50,"column":12},"end":{"line":50,"column":37}},{"start":{"line":50,"column":41},"end":{"line":50,"column":71}}]}},"s":{"0":3,"1":3,"2":3,"3":7,"4":1,"5":6,"6":6,"7":6,"8":3,"9":3,"10":1,"11":1,"12":1,"13":0,"14":3,"15":2,"16":1},"f":{"0":7},"b":{"0":[1,6],"1":[1,1,1,1,1,0],"2":[1,0],"3":[2,1],"4":[3,2]}}
,"/Users/robertsasu/RustProjects/agentic-payments/multiversx-mcp-server/src/utils/config.ts": {"path":"/Users/robertsasu/RustProjects/agentic-payments/multiversx-mcp-server/src/utils/config.ts","statementMap":{"0":{"start":{"line":1,"column":0},"end":{"line":1,"column":20}},"1":{"start":{"line":2,"column":0},"end":{"line":2,"column":24}},"2":{"start":{"line":25,"column":19},"end":{"line":25,"column":64}},"3":{"start":{"line":26,"column":18},"end":{"line":26,"column":54}},"4":{"start":{"line":27,"column":13},"end":{"line":27,"column":52}},"5":{"start":{"line":29,"column":0},"end":{"line":29,"column":22}}},"fnMap":{},"branchMap":{},"s":{"0":8,"1":8,"2":8,"3":8,"4":8,"5":8},"f":{},"b":{}}
,"/Users/robertsasu/RustProjects/agentic-payments/multiversx-mcp-server/src/utils/feedValidator.ts": {"path":"/Users/robertsasu/RustProjects/agentic-payments/multiversx-mcp-server/src/utils/feedValidator.ts","statementMap":{"0":{"start":{"line":16,"column":0},"end":{"line":16,"column":16}},"1":{"start":{"line":17,"column":29},"end":{"line":17,"column":31}},"2":{"start":{"line":19,"column":4},"end":{"line":21,"column":5}},"3":{"start":{"line":20,"column":8},"end":{"line":20,"column":81}},"4":{"start":{"line":23,"column":4},"end":{"line":37,"column":7}},"5":{"start":{"line":24,"column":8},"end":{"line":24,"column":65}},"6":{"start":{"line":24,"column":22},"end":{"line":24,"column":65}},"7":{"start":{"line":25,"column":8},"end":{"line":25,"column":71}},"8":{"start":{"line":25,"column":25},"end":{"line":25,"column":71}},"9":{"start":{"line":26,"column":8},"end":{"line":26,"column":83}},"10":{"start":{"line":26,"column":31},"end":{"line":26,"column":83}},"11":{"start":{"line":27,"column":8},"end":{"line":27,"column":69}},"12":{"start":{"line":27,"column":24},"end":{"line":27,"column":69}},"13":{"start":{"line":28,"column":8},"end":{"line":28,"column":81}},"14":{"start":{"line":28,"column":30},"end":{"line":28,"column":81}},"15":{"start":{"line":29,"column":8},"end":{"line":29,"column":85}},"16":{"start":{"line":29,"column":32},"end":{"line":29,"column":85}},"17":{"start":{"line":31,"column":8},"end":{"line":36,"column":9}},"18":{"start":{"line":32,"column":12},"end":{"line":32,"column":65}},"19":{"start":{"line":34,"column":12},"end":{"line":34,"column":87}},"20":{"start":{"line":34,"column":35},"end":{"line":34,"column":87}},"21":{"start":{"line":35,"column":12},"end":{"line":35,"column":93}},"22":{"start":{"line":35,"column":38},"end":{"line":35,"column":93}},"23":{"start":{"line":39,"column":4},"end":{"line":42,"column":6}}},"fnMap":{"0":{"name":"validateFeed","decl":{"start":{"line":16,"column":16},"end":{"line":16,"column":28}},"loc":{"start":{"line":16,"column":41},"end":{"line":43,"column":1}}},"1":{"name":"(anonymous_1)","decl":{"start":{"line":23,"column":18},"end":{"line":23,"column":19}},"loc":{"start":{"line":23,"column":34},"end":{"line":37,"column":5}}}},"branchMap":{"0":{"loc":{"start":{"line":19,"column":4},"end":{"line":21,"column":5}},"type":"if","locations":[{"start":{"line":19,"column":4},"end":{"line":21,"column":5}},{"start":{},"end":{}}]},"1":{"loc":{"start":{"line":24,"column":8},"end":{"line":24,"column":65}},"type":"if","locations":[{"start":{"line":24,"column":8},"end":{"line":24,"column":65}},{"start":{},"end":{}}]},"2":{"loc":{"start":{"line":25,"column":8},"end":{"line":25,"column":71}},"type":"if","locations":[{"start":{"line":25,"column":8},"end":{"line":25,"column":71}},{"start":{},"end":{}}]},"3":{"loc":{"start":{"line":26,"column":8},"end":{"line":26,"column":83}},"type":"if","locations":[{"start":{"line":26,"column":8},"end":{"line":26,"column":83}},{"start":{},"end":{}}]},"4":{"loc":{"start":{"line":27,"column":8},"end":{"line":27,"column":69}},"type":"if","locations":[{"start":{"line":27,"column":8},"end":{"line":27,"column":69}},{"start":{},"end":{}}]},"5":{"loc":{"start":{"line":28,"column":8},"end":{"line":28,"column":81}},"type":"if","locations":[{"start":{"line":28,"column":8},"end":{"line":28,"column":81}},{"start":{},"end":{}}]},"6":{"loc":{"start":{"line":29,"column":8},"end":{"line":29,"column":85}},"type":"if","locations":[{"start":{"line":29,"column":8},"end":{"line":29,"column":85}},{"start":{},"end":{}}]},"7":{"loc":{"start":{"line":31,"column":8},"end":{"line":36,"column":9}},"type":"if","locations":[{"start":{"line":31,"column":8},"end":{"line":36,"column":9}},{"start":{"line":33,"column":15},"end":{"line":36,"column":9}}]},"8":{"loc":{"start":{"line":34,"column":12},"end":{"line":34,"column":87}},"type":"if","locations":[{"start":{"line":34,"column":12},"end":{"line":34,"column":87}},{"start":{},"end":{}}]},"9":{"loc":{"start":{"line":35,"column":12},"end":{"line":35,"column":93}},"type":"if","locations":[{"start":{"line":35,"column":12},"end":{"line":35,"column":93}},{"start":{},"end":{}}]}},"s":{"0":2,"1":5,"2":5,"3":1,"4":4,"5":4,"6":1,"7":4,"8":0,"9":4,"10":1,"11":4,"12":1,"13":4,"14":1,"15":4,"16":1,"17":4,"18":1,"19":3,"20":1,"21":3,"22":1,"23":4},"f":{"0":5,"1":4},"b":{"0":[1,4],"1":[1,3],"2":[0,4],"3":[1,3],"4":[1,3],"5":[1,3],"6":[1,3],"7":[1,3],"8":[1,2],"9":[1,2]}}
}
