{"/Users/robertsasu/RustProjects/agentic-payments/multiversx-mcp-server/src/http.ts": {"path":"/Users/robertsasu/RustProjects/agentic-payments/multiversx-mcp-server/src/http.ts","statementMap":{"0":{"start":{"line":4,"column":0},"end":{"line":4,"column":16}},"1":{"start":{"line":1,"column":0},"end":{"line":1,"column":30}},"2":{"start":{"line":2,"column":0},"end":{"line":2,"column":48}},"3":{"start":{"line":5,"column":20},"end":{"line":5,"column":46}},"4":{"start":{"line":7,"column":4},"end":{"line":31,"column":7}},"5":{"start":{"line":11,"column":25},"end":{"line":11,"column":68}},"6":{"start":{"line":15,"column":26},"end":{"line":28,"column":11}},"7":{"start":{"line":15,"column":47},"end":{"line":28,"column":10}},"8":{"start":{"line":30,"column":8},"end":{"line":30,"column":36}},"9":{"start":{"line":33,"column":4},"end":{"line":35,"column":7}},"10":{"start":{"line":34,"column":8},"end":{"line":34,"column":71}},"11":{"start":{"line":37,"column":4},"end":{"line":37,"column":19}}},"fnMap":{"0":{"name":"createHttpServer","decl":{"start":{"line":4,"column":16},"end":{"line":4,"column":32}},"loc":{"start":{"line":4,"column":32},"end":{"line":38,"column":1}}},"1":{"name":"(anonymous_2)","decl":{"start":{"line":7,"column":30},"end":{"line":7,"column":35}},"loc":{"start":{"line":7,"column":55},"end":{"line":31,"column":5}}},"2":{"name":"(anonymous_3)","decl":{"start":{"line":15,"column":39},"end":{"line":15,"column":40}},"loc":{"start":{"line":15,"column":47},"end":{"line":28,"column":10}}},"3":{"name":"(anonymous_4)","decl":{"start":{"line":33,"column":27},"end":{"line":33,"column":32}},"loc":{"start":{"line":33,"column":38},"end":{"line":35,"column":5}}}},"branchMap":{},"s":{"0":1,"1":1,"2":1,"3":1,"4":1,"5":1,"6":1,"7":1,"8":1,"9":1,"10":1,"11":1},"f":{"0":1,"1":1,"2":1,"3":1},"b":{}}
,"/Users/robertsasu/RustProjects/agentic-payments/multiversx-mcp-server/src/server.ts": {"path":"/Users/robertsasu/RustProjects/agentic-payments/multiversx-mcp-server/src/server.ts","statementMap":{"0":{"start":{"line":13,"column":0},"end":{"line":13,"column":16}},"1":{"start":{"line":1,"column":0},"end":{"line":1,"column":67}},"2":{"start":{"line":2,"column":0},"end":{"line":2,"column":null}},"3":{"start":{"line":6,"column":0},"end":{"line":6,"column":48}},"4":{"start":{"line":7,"column":0},"end":{"line":7,"column":61}},"5":{"start":{"line":8,"column":0},"end":{"line":8,"column":46}},"6":{"start":{"line":10,"column":13},"end":{"line":10,"column":55}},"7":{"start":{"line":11,"column":13},"end":{"line":11,"column":42}},"8":{"start":{"line":14,"column":19},"end":{"line":23,"column":null}},"9":{"start":{"line":26,"column":4},"end":{"line":69,"column":7}},"10":{"start":{"line":27,"column":8},"end":{"line":68,"column":10}},"11":{"start":{"line":71,"column":4},"end":{"line":104,"column":7}},"12":{"start":{"line":72,"column":42},"end":{"line":72,"column":56}},"13":{"start":{"line":74,"column":8},"end":{"line":80,"column":9}},"14":{"start":{"line":75,"column":49},"end":{"line":75,"column":60}},"15":{"start":{"line":76,"column":29},"end":{"line":76,"column":75}},"16":{"start":{"line":77,"column":12},"end":{"line":79,"column":14}},"17":{"start":{"line":82,"column":8},"end":{"line":93,"column":9}},"18":{"start":{"line":83,"column":71},"end":{"line":83,"column":82}},"19":{"start":{"line":84,"column":23},"end":{"line":88,"column":null}},"20":{"start":{"line":90,"column":12},"end":{"line":92,"column":14}},"21":{"start":{"line":95,"column":8},"end":{"line":101,"column":9}},"22":{"start":{"line":96,"column":41},"end":{"line":96,"column":52}},"23":{"start":{"line":97,"column":27},"end":{"line":97,"column":61}},"24":{"start":{"line":98,"column":12},"end":{"line":100,"column":14}},"25":{"start":{"line":103,"column":8},"end":{"line":103,"column":49}},"26":{"start":{"line":106,"column":4},"end":{"line":106,"column":18}}},"fnMap":{"0":{"name":"createMcpServer","decl":{"start":{"line":13,"column":16},"end":{"line":13,"column":31}},"loc":{"start":{"line":13,"column":31},"end":{"line":107,"column":1}}},"1":{"name":"(anonymous_1)","decl":{"start":{"line":26,"column":53},"end":{"line":26,"column":58}},"loc":{"start":{"line":26,"column":64},"end":{"line":69,"column":5}}},"2":{"name":"(anonymous_2)","decl":{"start":{"line":71,"column":52},"end":{"line":71,"column":57}},"loc":{"start":{"line":71,"column":70},"end":{"line":104,"column":5}}}},"branchMap":{"0":{"loc":{"start":{"line":74,"column":8},"end":{"line":80,"column":9}},"type":"if","locations":[{"start":{"line":74,"column":8},"end":{"line":80,"column":9}},{"start":{},"end":{}}]},"1":{"loc":{"start":{"line":82,"column":8},"end":{"line":93,"column":9}},"type":"if","locations":[{"start":{"line":82,"column":8},"end":{"line":93,"column":9}},{"start":{},"end":{}}]},"2":{"loc":{"start":{"line":95,"column":8},"end":{"line":101,"column":9}},"type":"if","locations":[{"start":{"line":95,"column":8},"end":{"line":101,"column":9}},{"start":{},"end":{}}]}},"s":{"0":2,"1":2,"2":2,"3":2,"4":2,"5":2,"6":2,"7":2,"8":6,"9":6,"10":1,"11":6,"12":6,"13":6,"14":2,"15":2,"16":2,"17":4,"18":1,"19":1,"20":1,"21":3,"22":2,"23":2,"24":2,"25":1,"26":6},"f":{"0":6,"1":1,"2":6},"b":{"0":[2,4],"1":[1,3],"2":[2,1]}}
,"/Users/robertsasu/RustProjects/agentic-payments/multiversx-mcp-server/src/logic/checkout.ts": {"path":"/Users/robertsasu/RustProjects/agentic-payments/multiversx-mcp-server/src/logic/checkout.ts","statementMap":{"0":{"start":{"line":15,"column":0},"end":{"line":15,"column":7}},"1":{"start":{"line":1,"column":0},"end":{"line":1,"column":20}},"2":{"start":{"line":2,"column":0},"end":{"line":2,"column":24}},"3":{"start":{"line":12,"column":19},"end":{"line":12,"column":64}},"4":{"start":{"line":13,"column":15},"end":{"line":13,"column":63}},"5":{"start":{"line":23,"column":25},"end":{"line":23,"column":113}},"6":{"start":{"line":24,"column":29},"end":{"line":24,"column":41}},"7":{"start":{"line":27,"column":21},"end":{"line":27,"column":65}},"8":{"start":{"line":28,"column":21},"end":{"line":28,"column":56}},"9":{"start":{"line":29,"column":22},"end":{"line":29,"column":75}},"10":{"start":{"line":30,"column":24},"end":{"line":30,"column":45}},"11":{"start":{"line":31,"column":25},"end":{"line":31,"column":87}},"12":{"start":{"line":36,"column":25},"end":{"line":40,"column":6}},"13":{"start":{"line":42,"column":17},"end":{"line":42,"column":74}},"14":{"start":{"line":42,"column":57},"end":{"line":42,"column":73}},"15":{"start":{"line":45,"column":17},"end":{"line":45,"column":52}},"16":{"start":{"line":47,"column":4},"end":{"line":58,"column":6}}},"fnMap":{"0":{"name":"createPurchaseTransaction","decl":{"start":{"line":15,"column":22},"end":{"line":15,"column":47}},"loc":{"start":{"line":19,"column":35},"end":{"line":59,"column":1}}},"1":{"name":"(anonymous_2)","decl":{"start":{"line":42,"column":36},"end":{"line":42,"column":37}},"loc":{"start":{"line":42,"column":57},"end":{"line":42,"column":73}}}},"branchMap":{"0":{"loc":{"start":{"line":18,"column":4},"end":{"line":18,"column":24}},"type":"default-arg","locations":[{"start":{"line":18,"column":23},"end":{"line":18,"column":24}}]},"1":{"loc":{"start":{"line":19,"column":4},"end":{"line":19,"column":35}},"type":"default-arg","locations":[{"start":{"line":19,"column":26},"end":{"line":19,"column":35}}]},"2":{"loc":{"start":{"line":23,"column":25},"end":{"line":23,"column":113}},"type":"binary-expr","locations":[{"start":{"line":23,"column":25},"end":{"line":23,"column":75}},{"start":{"line":23,"column":79},"end":{"line":23,"column":113}}]},"3":{"loc":{"start":{"line":29,"column":22},"end":{"line":29,"column":75}},"type":"cond-expr","locations":[{"start":{"line":29,"column":50},"end":{"line":29,"column":64}},{"start":{"line":29,"column":67},"end":{"line":29,"column":75}}]},"4":{"loc":{"start":{"line":31,"column":25},"end":{"line":31,"column":87}},"type":"cond-expr","locations":[{"start":{"line":31,"column":56},"end":{"line":31,"column":73}},{"start":{"line":31,"column":76},"end":{"line":31,"column":87}}]}},"s":{"0":3,"1":3,"2":3,"3":3,"4":3,"5":4,"6":4,"7":4,"8":4,"9":4,"10":4,"11":4,"12":4,"13":4,"14":12,"15":4,"16":4},"f":{"0":4,"1":12},"b":{"0":[0],"1":[0],"2":[4,0],"3":[0,4],"4":[4,0]}}
,"/Users/robertsasu/RustProjects/agentic-payments/multiversx-mcp-server/src/logic/search.ts": {"path":"/Users/robertsasu/RustProjects/agentic-payments/multiversx-mcp-server/src/logic/search.ts","statementMap":{"0":{"start":{"line":32,"column":0},"end":{"line":32,"column":7}},"1":{"start":{"line":1,"column":0},"end":{"line":1,"column":26}},"2":{"start":{"line":2,"column":0},"end":{"line":2,"column":20}},"3":{"start":{"line":3,"column":0},"end":{"line":3,"column":24}},"4":{"start":{"line":29,"column":19},"end":{"line":29,"column":64}},"5":{"start":{"line":30,"column":23},"end":{"line":30,"column":71}},"6":{"start":{"line":37,"column":24},"end":{"line":42,"column":6}},"7":{"start":{"line":44,"column":4},"end":{"line":46,"column":5}},"8":{"start":{"line":45,"column":8},"end":{"line":45,"column":39}},"9":{"start":{"line":48,"column":4},"end":{"line":102,"column":5}},"10":{"start":{"line":51,"column":20},"end":{"line":51,"column":44}},"11":{"start":{"line":52,"column":25},"end":{"line":52,"column":57}},"12":{"start":{"line":53,"column":22},"end":{"line":53,"column":35}},"13":{"start":{"line":55,"column":36},"end":{"line":55,"column":38}},"14":{"start":{"line":57,"column":8},"end":{"line":96,"column":9}},"15":{"start":{"line":64,"column":12},"end":{"line":64,"column":43}},"16":{"start":{"line":64,"column":34},"end":{"line":64,"column":43}},"17":{"start":{"line":66,"column":30},"end":{"line":66,"column":46}},"18":{"start":{"line":67,"column":12},"end":{"line":69,"column":13}},"19":{"start":{"line":68,"column":16},"end":{"line":68,"column":51}},"20":{"start":{"line":71,"column":24},"end":{"line":71,"column":50}},"21":{"start":{"line":72,"column":12},"end":{"line":74,"column":13}},"22":{"start":{"line":73,"column":16},"end":{"line":73,"column":53}},"23":{"start":{"line":76,"column":27},"end":{"line":76,"column":29}},"24":{"start":{"line":77,"column":12},"end":{"line":81,"column":13}},"25":{"start":{"line":78,"column":16},"end":{"line":78,"column":36}},"26":{"start":{"line":79,"column":19},"end":{"line":81,"column":13}},"27":{"start":{"line":80,"column":16},"end":{"line":80,"column":45}},"28":{"start":{"line":83,"column":12},"end":{"line":95,"column":15}},"29":{"start":{"line":98,"column":8},"end":{"line":98,"column":24}},"30":{"start":{"line":100,"column":8},"end":{"line":100,"column":50}},"31":{"start":{"line":101,"column":8},"end":{"line":101,"column":18}}},"fnMap":{"0":{"name":"searchProducts","decl":{"start":{"line":32,"column":22},"end":{"line":32,"column":36}},"loc":{"start":{"line":35,"column":21},"end":{"line":103,"column":1}}}},"branchMap":{"0":{"loc":{"start":{"line":35,"column":4},"end":{"line":35,"column":21}},"type":"default-arg","locations":[{"start":{"line":35,"column":20},"end":{"line":35,"column":21}}]},"1":{"loc":{"start":{"line":44,"column":4},"end":{"line":46,"column":5}},"type":"if","locations":[{"start":{"line":44,"column":4},"end":{"line":46,"column":5}},{"start":{},"end":{}}]},"2":{"loc":{"start":{"line":64,"column":12},"end":{"line":64,"column":43}},"type":"if","locations":[{"start":{"line":64,"column":12},"end":{"line":64,"column":43}},{"start":{},"end":{}}]},"3":{"loc":{"start":{"line":67,"column":12},"end":{"line":69,"column":13}},"type":"if","locations":[{"start":{"line":67,"column":12},"end":{"line":69,"column":13}},{"start":{},"end":{}}]},"4":{"loc":{"start":{"line":72,"column":12},"end":{"line":74,"column":13}},"type":"if","locations":[{"start":{"line":72,"column":12},"end":{"line":74,"column":13}},{"start":{},"end":{}}]},"5":{"loc":{"start":{"line":77,"column":12},"end":{"line":81,"column":13}},"type":"if","locations":[{"start":{"line":77,"column":12},"end":{"line":81,"column":13}},{"start":{"line":79,"column":19},"end":{"line":81,"column":13}}]},"6":{"loc":{"start":{"line":79,"column":19},"end":{"line":81,"column":13}},"type":"if","locations":[{"start":{"line":79,"column":19},"end":{"line":81,"column":13}},{"start":{},"end":{}}]}},"s":{"0":4,"1":4,"2":4,"3":4,"4":4,"5":4,"6":6,"7":6,"8":1,"9":6,"10":6,"11":6,"12":5,"13":5,"14":5,"15":5,"16":1,"17":4,"18":4,"19":1,"20":4,"21":4,"22":2,"23":4,"24":4,"25":2,"26":2,"27":1,"28":4,"29":5,"30":1,"31":1},"f":{"0":6},"b":{"0":[6],"1":[1,5],"2":[1,4],"3":[1,3],"4":[2,2],"5":[2,2],"6":[1,1]}}
,"/Users/robertsasu/RustProjects/agentic-payments/multiversx-mcp-server/src/logic/tracking.ts": {"path":"/Users/robertsasu/RustProjects/agentic-payments/multiversx-mcp-server/src/logic/tracking.ts","statementMap":{"0":{"start":{"line":15,"column":0},"end":{"line":15,"column":7}},"1":{"start":{"line":1,"column":0},"end":{"line":1,"column":26}},"2":{"start":{"line":2,"column":0},"end":{"line":2,"column":20}},"3":{"start":{"line":3,"column":0},"end":{"line":3,"column":24}},"4":{"start":{"line":6,"column":19},"end":{"line":6,"column":64}},"5":{"start":{"line":7,"column":15},"end":{"line":7,"column":63}},"6":{"start":{"line":16,"column":4},"end":{"line":18,"column":5}},"7":{"start":{"line":17,"column":8},"end":{"line":17,"column":66}},"8":{"start":{"line":20,"column":4},"end":{"line":68,"column":5}},"9":{"start":{"line":21,"column":20},"end":{"line":21,"column":62}},"10":{"start":{"line":22,"column":25},"end":{"line":22,"column":45}},"11":{"start":{"line":23,"column":19},"end":{"line":23,"column":32}},"12":{"start":{"line":27,"column":8},"end":{"line":53,"column":9}},"13":{"start":{"line":30,"column":16},"end":{"line":34,"column":18}},"14":{"start":{"line":36,"column":16},"end":{"line":39,"column":18}},"15":{"start":{"line":42,"column":16},"end":{"line":45,"column":18}},"16":{"start":{"line":48,"column":16},"end":{"line":52,"column":18}},"17":{"start":{"line":55,"column":8},"end":{"line":62,"column":9}},"18":{"start":{"line":57,"column":12},"end":{"line":61,"column":14}},"19":{"start":{"line":64,"column":8},"end":{"line":67,"column":10}}},"fnMap":{"0":{"name":"trackOrder","decl":{"start":{"line":15,"column":22},"end":{"line":15,"column":32}},"loc":{"start":{"line":15,"column":47},"end":{"line":69,"column":1}}}},"branchMap":{"0":{"loc":{"start":{"line":16,"column":4},"end":{"line":18,"column":5}},"type":"if","locations":[{"start":{"line":16,"column":4},"end":{"line":18,"column":5}},{"start":{},"end":{}}]},"1":{"loc":{"start":{"line":27,"column":8},"end":{"line":53,"column":9}},"type":"switch","locations":[{"start":{"line":28,"column":12},"end":{"line":28,"column":27}},{"start":{"line":29,"column":12},"end":{"line":34,"column":18}},{"start":{"line":35,"column":12},"end":{"line":39,"column":18}},{"start":{"line":40,"column":12},"end":{"line":40,"column":24}},{"start":{"line":41,"column":12},"end":{"line":45,"column":18}},{"start":{"line":46,"column":12},"end":{"line":52,"column":18}}]},"2":{"loc":{"start":{"line":44,"column":59},"end":{"line":44,"column":105}},"type":"binary-expr","locations":[{"start":{"line":44,"column":59},"end":{"line":44,"column":86}},{"start":{"line":44,"column":90},"end":{"line":44,"column":105}}]},"3":{"loc":{"start":{"line":55,"column":8},"end":{"line":62,"column":9}},"type":"if","locations":[{"start":{"line":55,"column":8},"end":{"line":62,"column":9}},{"start":{},"end":{}}]},"4":{"loc":{"start":{"line":55,"column":12},"end":{"line":55,"column":71}},"type":"binary-expr","locations":[{"start":{"line":55,"column":12},"end":{"line":55,"column":37}},{"start":{"line":55,"column":41},"end":{"line":55,"column":71}}]}},"s":{"0":3,"1":3,"2":3,"3":3,"4":3,"5":3,"6":7,"7":1,"8":6,"9":6,"10":6,"11":3,"12":3,"13":1,"14":1,"15":1,"16":0,"17":3,"18":2,"19":1},"f":{"0":7},"b":{"0":[1,6],"1":[1,1,1,1,1,0],"2":[1,0],"3":[2,1],"4":[3,2]}}
,"/Users/robertsasu/RustProjects/agentic-payments/multiversx-mcp-server/src/utils/feedValidator.ts": {"path":"/Users/robertsasu/RustProjects/agentic-payments/multiversx-mcp-server/src/utils/feedValidator.ts","statementMap":{"0":{"start":{"line":16,"column":0},"end":{"line":16,"column":16}},"1":{"start":{"line":17,"column":29},"end":{"line":17,"column":31}},"2":{"start":{"line":19,"column":4},"end":{"line":21,"column":5}},"3":{"start":{"line":20,"column":8},"end":{"line":20,"column":81}},"4":{"start":{"line":23,"column":4},"end":{"line":37,"column":7}},"5":{"start":{"line":24,"column":8},"end":{"line":24,"column":65}},"6":{"start":{"line":24,"column":22},"end":{"line":24,"column":65}},"7":{"start":{"line":25,"column":8},"end":{"line":25,"column":71}},"8":{"start":{"line":25,"column":25},"end":{"line":25,"column":71}},"9":{"start":{"line":26,"column":8},"end":{"line":26,"column":83}},"10":{"start":{"line":26,"column":31},"end":{"line":26,"column":83}},"11":{"start":{"line":27,"column":8},"end":{"line":27,"column":69}},"12":{"start":{"line":27,"column":24},"end":{"line":27,"column":69}},"13":{"start":{"line":28,"column":8},"end":{"line":28,"column":81}},"14":{"start":{"line":28,"column":30},"end":{"line":28,"column":81}},"15":{"start":{"line":29,"column":8},"end":{"line":29,"column":85}},"16":{"start":{"line":29,"column":32},"end":{"line":29,"column":85}},"17":{"start":{"line":31,"column":8},"end":{"line":36,"column":9}},"18":{"start":{"line":32,"column":12},"end":{"line":32,"column":65}},"19":{"start":{"line":34,"column":12},"end":{"line":34,"column":87}},"20":{"start":{"line":34,"column":35},"end":{"line":34,"column":87}},"21":{"start":{"line":35,"column":12},"end":{"line":35,"column":93}},"22":{"start":{"line":35,"column":38},"end":{"line":35,"column":93}},"23":{"start":{"line":39,"column":4},"end":{"line":42,"column":6}}},"fnMap":{"0":{"name":"validateFeed","decl":{"start":{"line":16,"column":16},"end":{"line":16,"column":28}},"loc":{"start":{"line":16,"column":41},"end":{"line":43,"column":1}}},"1":{"name":"(anonymous_1)","decl":{"start":{"line":23,"column":18},"end":{"line":23,"column":19}},"loc":{"start":{"line":23,"column":34},"end":{"line":37,"column":5}}}},"branchMap":{"0":{"loc":{"start":{"line":19,"column":4},"end":{"line":21,"column":5}},"type":"if","locations":[{"start":{"line":19,"column":4},"end":{"line":21,"column":5}},{"start":{},"end":{}}]},"1":{"loc":{"start":{"line":24,"column":8},"end":{"line":24,"column":65}},"type":"if","locations":[{"start":{"line":24,"column":8},"end":{"line":24,"column":65}},{"start":{},"end":{}}]},"2":{"loc":{"start":{"line":25,"column":8},"end":{"line":25,"column":71}},"type":"if","locations":[{"start":{"line":25,"column":8},"end":{"line":25,"column":71}},{"start":{},"end":{}}]},"3":{"loc":{"start":{"line":26,"column":8},"end":{"line":26,"column":83}},"type":"if","locations":[{"start":{"line":26,"column":8},"end":{"line":26,"column":83}},{"start":{},"end":{}}]},"4":{"loc":{"start":{"line":27,"column":8},"end":{"line":27,"column":69}},"type":"if","locations":[{"start":{"line":27,"column":8},"end":{"line":27,"column":69}},{"start":{},"end":{}}]},"5":{"loc":{"start":{"line":28,"column":8},"end":{"line":28,"column":81}},"type":"if","locations":[{"start":{"line":28,"column":8},"end":{"line":28,"column":81}},{"start":{},"end":{}}]},"6":{"loc":{"start":{"line":29,"column":8},"end":{"line":29,"column":85}},"type":"if","locations":[{"start":{"line":29,"column":8},"end":{"line":29,"column":85}},{"start":{},"end":{}}]},"7":{"loc":{"start":{"line":31,"column":8},"end":{"line":36,"column":9}},"type":"if","locations":[{"start":{"line":31,"column":8},"end":{"line":36,"column":9}},{"start":{"line":33,"column":15},"end":{"line":36,"column":9}}]},"8":{"loc":{"start":{"line":34,"column":12},"end":{"line":34,"column":87}},"type":"if","locations":[{"start":{"line":34,"column":12},"end":{"line":34,"column":87}},{"start":{},"end":{}}]},"9":{"loc":{"start":{"line":35,"column":12},"end":{"line":35,"column":93}},"type":"if","locations":[{"start":{"line":35,"column":12},"end":{"line":35,"column":93}},{"start":{},"end":{}}]}},"s":{"0":1,"1":1,"2":1,"3":0,"4":1,"5":1,"6":0,"7":1,"8":0,"9":1,"10":0,"11":1,"12":0,"13":1,"14":0,"15":1,"16":0,"17":1,"18":0,"19":1,"20":0,"21":1,"22":0,"23":1},"f":{"0":1,"1":1},"b":{"0":[0,1],"1":[0,1],"2":[0,1],"3":[0,1],"4":[0,1],"5":[0,1],"6":[0,1],"7":[0,1],"8":[0,1],"9":[0,1]}}
}
