TN:
SF:src/http.ts
FN:4,createHttpServer
FN:7,(anonymous_2)
FN:15,(anonymous_3)
FN:33,(anonymous_4)
FNF:4
FNH:4
FNDA:1,createHttpServer
FNDA:1,(anonymous_2)
FNDA:1,(anonymous_3)
FNDA:1,(anonymous_4)
DA:1,1
DA:2,1
DA:4,1
DA:5,1
DA:7,1
DA:11,1
DA:15,1
DA:30,1
DA:33,1
DA:34,1
DA:37,1
LF:11
LH:11
BRF:0
BRH:0
end_of_record
TN:
SF:src/server.ts
FN:29,createMcpServer
FN:47,(anonymous_1)
FN:167,(anonymous_2)
FNF:3
FNH:2
FNDA:2,createMcpServer
FNDA:0,(anonymous_1)
FNDA:4,(anonymous_2)
DA:1,2
DA:2,2
DA:6,2
DA:7,2
DA:8,2
DA:9,2
DA:10,2
DA:11,2
DA:12,2
DA:14,2
DA:15,2
DA:17,2
DA:23,2
DA:29,2
DA:30,2
DA:31,2
DA:32,2
DA:33,2
DA:35,2
DA:47,2
DA:48,0
DA:167,2
DA:168,4
DA:170,4
DA:171,1
DA:172,1
DA:173,1
DA:178,3
DA:179,1
DA:180,1
DA:186,1
DA:191,2
DA:192,1
DA:193,1
DA:194,1
DA:199,1
DA:200,1
DA:201,1
DA:206,0
DA:207,0
DA:208,0
DA:209,0
DA:214,0
DA:215,0
DA:216,0
DA:217,0
DA:222,0
DA:223,0
DA:224,0
DA:231,0
DA:236,0
DA:237,0
DA:238,0
DA:246,0
DA:251,0
DA:252,0
DA:253,0
DA:255,0
DA:256,0
DA:261,0
DA:264,2
LF:61
LH:38
BRDA:30,0,0,2
BRDA:30,0,1,2
BRDA:31,1,0,2
BRDA:31,1,1,0
BRDA:32,2,0,2
BRDA:32,2,1,0
BRDA:170,3,0,1
BRDA:170,3,1,3
BRDA:178,4,0,1
BRDA:178,4,1,2
BRDA:191,5,0,1
BRDA:191,5,1,1
BRDA:199,6,0,1
BRDA:199,6,1,0
BRDA:206,7,0,0
BRDA:206,7,1,0
BRDA:214,8,0,0
BRDA:214,8,1,0
BRDA:222,9,0,0
BRDA:222,9,1,0
BRDA:236,10,0,0
BRDA:236,10,1,0
BRDA:251,11,0,0
BRDA:251,11,1,0
BRDA:252,12,0,0
BRDA:252,12,1,0
BRF:26
BRH:11
end_of_record
TN:
SF:src/logic/accounts.ts
FN:22,getAccountBalance
FN:38,getAccountDetails
FNF:2
FNH:2
FNDA:2,getAccountBalance
FNDA:1,getAccountDetails
DA:1,3
DA:22,3
DA:23,2
DA:24,2
DA:25,1
DA:27,1
DA:38,3
DA:39,1
DA:40,1
DA:41,1
DA:43,0
LF:11
LH:10
BRF:0
BRH:0
end_of_record
TN:
SF:src/logic/checkout.ts
FN:11,createPurchaseTransaction
FN:38,(anonymous_1)
FNF:2
FNH:2
FNDA:7,createPurchaseTransaction
FNDA:21,(anonymous_1)
DA:1,3
DA:11,3
DA:19,7
DA:20,7
DA:23,7
DA:24,7
DA:25,7
DA:26,7
DA:27,7
DA:32,7
DA:38,21
DA:41,7
DA:43,7
LF:13
LH:13
BRDA:14,0,0,0
BRDA:15,1,0,2
BRDA:19,2,0,7
BRDA:19,2,1,0
BRDA:25,3,0,1
BRDA:25,3,1,6
BRDA:27,4,0,6
BRDA:27,4,1,1
BRF:8
BRH:6
end_of_record
TN:
SF:src/logic/guardians.ts
FN:16,createGuardianTransaction
FNF:1
FNH:1
FNDA:1,createGuardianTransaction
DA:1,2
DA:16,2
DA:17,1
DA:20,1
DA:33,1
LF:5
LH:5
BRF:0
BRH:0
end_of_record
TN:
SF:src/logic/search.ts
FN:18,searchProducts
FNF:1
FNH:1
FNDA:6,searchProducts
DA:1,4
DA:2,4
DA:18,4
DA:23,6
DA:30,6
DA:31,1
DA:34,6
DA:37,6
DA:38,6
DA:39,5
DA:41,5
DA:43,5
DA:50,5
DA:52,4
DA:53,4
DA:54,1
DA:57,4
DA:58,4
DA:59,2
DA:62,4
DA:63,4
DA:64,2
DA:65,2
DA:66,1
DA:69,4
DA:84,5
DA:86,1
DA:87,1
LF:28
LH:28
BRDA:21,0,0,6
BRDA:30,1,0,1
BRDA:30,1,1,5
BRDA:50,2,0,1
BRDA:50,2,1,4
BRDA:53,3,0,1
BRDA:53,3,1,3
BRDA:58,4,0,2
BRDA:58,4,1,2
BRDA:63,5,0,2
BRDA:63,5,1,2
BRDA:65,6,0,1
BRDA:65,6,1,1
BRF:13
BRH:13
end_of_record
TN:
SF:src/logic/tracking.ts
FN:10,trackOrder
FNF:1
FNH:1
FNDA:7,trackOrder
DA:1,3
DA:2,3
DA:10,3
DA:11,7
DA:12,1
DA:15,6
DA:16,6
DA:17,6
DA:18,3
DA:22,3
DA:25,1
DA:31,1
DA:37,1
DA:43,0
DA:50,3
DA:52,2
DA:59,1
LF:17
LH:16
BRDA:11,0,0,1
BRDA:11,0,1,6
BRDA:22,1,0,1
BRDA:22,1,1,1
BRDA:22,1,2,1
BRDA:22,1,3,1
BRDA:22,1,4,1
BRDA:22,1,5,0
BRDA:39,2,0,1
BRDA:39,2,1,0
BRDA:50,3,0,2
BRDA:50,3,1,1
BRDA:50,4,0,3
BRDA:50,4,1,2
BRF:14
BRH:12
end_of_record
TN:
SF:src/logic/transfers.ts
FN:30,createEgldTransfer
FN:46,createTokenTransfer
FNF:2
FNH:2
FNDA:1,createEgldTransfer
FNDA:1,createTokenTransfer
DA:1,3
DA:30,3
DA:31,1
DA:40,1
DA:46,3
DA:47,1
DA:48,1
DA:53,1
DA:54,1
DA:55,1
DA:57,1
DA:66,1
LF:12
LH:12
BRDA:36,0,0,1
BRDA:36,0,1,1
BRDA:61,1,0,1
BRDA:61,1,1,1
BRF:4
BRH:4
end_of_record
TN:
SF:src/logic/wallet.ts
FN:12,getWalletAddressFromPath
FNF:1
FNH:1
FNDA:3,getWalletAddressFromPath
DA:1,3
DA:2,3
DA:12,3
DA:13,3
DA:14,1
DA:17,2
DA:18,2
DA:19,2
DA:20,1
DA:22,1
LF:10
LH:10
BRDA:13,0,0,1
BRDA:13,0,1,2
BRF:2
BRH:2
end_of_record
TN:
SF:src/utils/config.ts
FNF:0
FNH:0
DA:1,6
DA:2,6
DA:25,6
DA:26,6
DA:27,6
DA:29,6
LF:6
LH:6
BRF:0
BRH:0
end_of_record
TN:
SF:src/utils/feedValidator.ts
FN:16,validateFeed
FN:23,(anonymous_1)
FNF:2
FNH:2
FNDA:5,validateFeed
FNDA:4,(anonymous_1)
DA:16,2
DA:17,5
DA:19,5
DA:20,1
DA:23,4
DA:24,4
DA:25,4
DA:26,4
DA:27,4
DA:28,4
DA:29,4
DA:31,4
DA:32,1
DA:34,3
DA:35,3
DA:39,4
LF:16
LH:16
BRDA:19,0,0,1
BRDA:19,0,1,4
BRDA:24,1,0,1
BRDA:24,1,1,3
BRDA:25,2,0,0
BRDA:25,2,1,4
BRDA:26,3,0,1
BRDA:26,3,1,3
BRDA:27,4,0,1
BRDA:27,4,1,3
BRDA:28,5,0,1
BRDA:28,5,1,3
BRDA:29,6,0,1
BRDA:29,6,1,3
BRDA:31,7,0,1
BRDA:31,7,1,3
BRDA:34,8,0,1
BRDA:34,8,1,2
BRDA:35,9,0,1
BRDA:35,9,1,2
BRF:20
BRH:19
end_of_record
