TN:
SF:src/tools/constants.ts
FNF:0
FNH:0
DA:5,3
DA:8,3
DA:9,3
DA:10,3
DA:11,3
DA:12,3
DA:15,3
LF:7
LH:7
BRF:0
BRH:0
end_of_record
TN:
SF:src/tools/createNft.ts
FN:18,createNft
FNF:1
FNH:1
FNDA:2,createNft
DA:5,1
DA:6,1
DA:8,1
DA:9,1
DA:10,1
DA:12,1
DA:18,1
DA:25,2
DA:27,2
DA:28,1
DA:39,1
DA:40,0
DA:45,1
DA:46,1
DA:47,1
DA:48,1
DA:49,1
DA:51,1
DA:52,1
DA:54,1
DA:64,1
DA:65,1
DA:67,1
DA:68,1
DA:69,1
DA:71,1
DA:73,1
DA:82,0
DA:83,0
DA:89,1
DA:90,1
DA:91,1
LF:32
LH:29
BRDA:23,0,0,2
BRDA:27,1,0,1
BRDA:27,1,1,1
BRDA:39,2,0,0
BRDA:39,2,1,1
BRDA:39,3,0,1
BRDA:39,3,1,1
BRDA:82,4,0,0
BRDA:82,4,1,0
BRF:9
BRH:6
end_of_record
TN:
SF:src/tools/getBalance.ts
FN:15,getBalance
FNF:1
FNH:1
FNDA:2,getBalance
DA:5,1
DA:6,1
DA:7,1
DA:8,1
DA:15,1
DA:17,2
DA:18,2
DA:20,1
DA:30,1
DA:31,1
DA:32,1
DA:33,1
DA:35,1
DA:36,1
DA:38,1
DA:47,0
DA:48,0
DA:59,1
DA:60,1
DA:61,1
LF:20
LH:18
BRDA:47,0,0,0
BRDA:47,0,1,0
BRF:2
BRH:0
end_of_record
TN:
SF:src/tools/issueFungible.ts
FN:18,issueFungible
FNF:1
FNH:1
FNDA:2,issueFungible
DA:5,1
DA:6,1
DA:8,1
DA:9,1
DA:10,1
DA:12,1
DA:18,1
DA:24,2
DA:26,2
DA:27,1
DA:38,1
DA:39,0
DA:44,1
DA:45,0
DA:50,1
DA:51,1
DA:52,1
DA:53,1
DA:54,1
DA:56,1
DA:57,1
DA:59,1
DA:73,1
DA:74,1
DA:77,1
DA:78,1
DA:79,1
DA:82,1
DA:84,1
DA:93,0
DA:94,0
DA:100,1
DA:101,1
DA:102,1
LF:34
LH:30
BRDA:26,0,0,1
BRDA:26,0,1,1
BRDA:38,1,0,0
BRDA:38,1,1,1
BRDA:38,2,0,1
BRDA:38,2,1,1
BRDA:44,3,0,0
BRDA:44,3,1,1
BRDA:44,4,0,1
BRDA:44,4,1,1
BRDA:93,5,0,0
BRDA:93,5,1,0
BRF:12
BRH:8
end_of_record
TN:
SF:src/tools/sendEgld.ts
FN:19,sendEgld
FNF:1
FNH:1
FNDA:2,sendEgld
DA:5,1
DA:6,1
DA:8,1
DA:9,1
DA:10,1
DA:12,1
DA:19,1
DA:21,2
DA:22,2
DA:24,0
DA:34,2
DA:35,2
DA:37,2
DA:39,1
DA:48,1
DA:66,1
DA:67,1
DA:68,1
DA:69,1
DA:71,1
DA:81,1
DA:82,1
DA:83,1
DA:86,1
DA:88,1
DA:97,0
DA:98,0
DA:109,1
DA:110,1
DA:111,1
LF:30
LH:27
BRDA:37,0,0,1
BRDA:37,0,1,1
BRDA:97,1,0,0
BRDA:97,1,1,0
BRF:4
BRH:2
end_of_record
